<?xml version="1.0" encoding="utf-8" standalone="no"?>
<!--This file represents the results of running a test suite-->
<test-results name="C:\Users\Mateusz\Desktop\Mateusz\calc gui\calc_logic_tests\Bin\x86\Debug\calc_logic_tests.dll" total="1" errors="1" failures="0" not-run="0" inconclusive="0" ignored="0" skipped="0" invalid="0" date="2014-05-14" time="20:54:26">
  <environment nunit-version="2.6.3.13283" clr-version="2.0.50727.8000" os-version="Microsoft Windows NT 6.2.9200.0" platform="Win32NT" cwd="C:\Program Files (x86)\NUnit 2.6.3\bin" machine-name="MYPC" user="Mateusz" user-domain="MYPC" />
  <culture-info current-culture="pl-PL" current-uiculture="en-US" />
  <test-suite type="Assembly" name="C:\Users\Mateusz\Desktop\Mateusz\calc gui\calc_logic_tests\Bin\x86\Debug\calc_logic_tests.dll" executed="True" result="Failure" success="False" time="0.038" asserts="0">
    <results>
      <test-suite type="Namespace" name="calc_logic_tests" executed="True" result="Failure" success="False" time="0.037" asserts="0">
        <results>
          <test-suite type="TestFixture" name="CalcLogicTest" executed="True" result="Failure" success="False" time="0.035" asserts="0">
            <results>
              <test-case name="calc_logic_tests.CalcLogicTest.TestDB" executed="True" result="Error" success="False" time="0.032" asserts="0">
                <failure>
                  <message><![CDATA[System.IO.FileNotFoundException : Could not load file or assembly 'System.Data.Linq, Version=8.0.0.0, Culture=neutral, PublicKeyToken=24eec0d8c86cda1e' or one of its dependencies. The system cannot find the file specified.]]></message>
                  <stack-trace><![CDATA[at calc_logic_tests.CalcLogicTest.TestDB()
]]></stack-trace>
                </failure>
              </test-case>
            </results>
          </test-suite>
        </results>
      </test-suite>
    </results>
  </test-suite>
</test-results>